<?xml version="1.0" encoding="UTF-8"?>
<!-- Generated by org.testng.reporters.JUnitReportReporter -->
<testsuite skipped="0" hostname="DESKTOP-1ONIFMR" name="com.automationPractice.testCases.TC_001" tests="1" failures="0" timestamp="2021-03-13T17:23:54 IST" time="80.478" errors="0">
  <testcase name="tc_001" time="80.478" classname="com.automationPractice.testCases.TC_001"/>
  <system-out/>
</testsuite> <!-- com.automationPractice.testCases.TC_001 -->
